[21-May-2019 14:47:11 UTC] PHP Parse error:  syntax error, unexpected '<', expecting end of file in phar:///usr/local/bin/wp/vendor/wp-cli/wp-cli/php/WP_CLI/SynopsisValidator.php on line 92
[21-May-2019 14:47:11 UTC] PHP Parse error:  syntax error, unexpected '<', expecting end of file in phar:///usr/local/bin/wp/vendor/wp-cli/wp-cli/php/WP_CLI/SynopsisValidator.php on line 92
[21-May-2019 15:17:40 UTC] PHP Parse error:  syntax error, unexpected '$myname' (T_VARIABLE), expecting ',' or ';' in /app/public/experiment.php on line 2
[21-May-2019 15:18:32 UTC] PHP Parse error:  syntax error, unexpected '$myname' (T_VARIABLE), expecting ',' or ';' in /app/public/experiment.php on line 2
[21-May-2019 16:17:24 UTC] PHP Parse error:  syntax error, unexpected ')' in /app/public/wp-content/themes/ifa-theme/index.php on line 5
[21-May-2019 19:41:47 UTC] PHP Fatal error:  Uncaught Error: Call to undefined function wp_get_file_uri() in /app/public/wp-content/themes/ifa-theme/page.php:7
Stack trace:
#0 /app/public/wp-includes/template-loader.php(78): include()
#1 /app/public/wp-blog-header.php(19): require_once('/app/public/wp-...')
#2 /app/public/index.php(17): require('/app/public/wp-...')
#3 {main}
  thrown in /app/public/wp-content/themes/ifa-theme/page.php on line 7
[21-May-2019 19:43:34 UTC] PHP Fatal error:  Uncaught Error: Call to undefined function wp_get_file_uri() in /app/public/wp-content/themes/ifa-theme/page.php:7
Stack trace:
#0 /app/public/wp-includes/template-loader.php(78): include()
#1 /app/public/wp-blog-header.php(19): require_once('/app/public/wp-...')
#2 /app/public/index.php(17): require('/app/public/wp-...')
#3 {main}
  thrown in /app/public/wp-content/themes/ifa-theme/page.php on line 7
[21-May-2019 19:43:35 UTC] PHP Fatal error:  Uncaught Error: Call to undefined function wp_get_file_uri() in /app/public/wp-content/themes/ifa-theme/page.php:7
Stack trace:
#0 /app/public/wp-includes/template-loader.php(78): include()
#1 /app/public/wp-blog-header.php(19): require_once('/app/public/wp-...')
#2 /app/public/index.php(17): require('/app/public/wp-...')
#3 {main}
  thrown in /app/public/wp-content/themes/ifa-theme/page.php on line 7
[21-May-2019 19:43:44 UTC] PHP Fatal error:  Uncaught Error: Call to undefined function wp_get_file_uri() in /app/public/wp-content/themes/ifa-theme/page.php:7
Stack trace:
#0 /app/public/wp-includes/template-loader.php(78): include()
#1 /app/public/wp-blog-header.php(19): require_once('/app/public/wp-...')
#2 /app/public/index.php(17): require('/app/public/wp-...')
#3 {main}
  thrown in /app/public/wp-content/themes/ifa-theme/page.php on line 7
[21-May-2019 19:43:56 UTC] PHP Fatal error:  Uncaught Error: Call to undefined function wp_get_file_uri() in /app/public/wp-content/themes/ifa-theme/page.php:7
Stack trace:
#0 /app/public/wp-includes/template-loader.php(78): include()
#1 /app/public/wp-blog-header.php(19): require_once('/app/public/wp-...')
#2 /app/public/index.php(17): require('/app/public/wp-...')
#3 {main}
  thrown in /app/public/wp-content/themes/ifa-theme/page.php on line 7
[21-May-2019 19:44:57 UTC] PHP Fatal error:  Uncaught Error: Call to undefined function wp_get_file_uri() in /app/public/wp-content/themes/ifa-theme/page.php:7
Stack trace:
#0 /app/public/wp-includes/template-loader.php(78): include()
#1 /app/public/wp-blog-header.php(19): require_once('/app/public/wp-...')
#2 /app/public/index.php(17): require('/app/public/wp-...')
#3 {main}
  thrown in /app/public/wp-content/themes/ifa-theme/page.php on line 7
[21-May-2019 19:48:14 UTC] PHP Fatal error:  Uncaught Error: Call to undefined function wp_get_file_uri() in /app/public/wp-content/themes/ifa-theme/page.php:7
Stack trace:
#0 /app/public/wp-includes/template-loader.php(78): include()
#1 /app/public/wp-blog-header.php(19): require_once('/app/public/wp-...')
#2 /app/public/index.php(17): require('/app/public/wp-...')
#3 {main}
  thrown in /app/public/wp-content/themes/ifa-theme/page.php on line 7
[21-May-2019 19:49:05 UTC] PHP Fatal error:  Uncaught Error: Call to undefined function wp_get_file_uri() in /app/public/wp-content/themes/ifa-theme/page.php:7
Stack trace:
#0 /app/public/wp-includes/template-loader.php(78): include()
#1 /app/public/wp-blog-header.php(19): require_once('/app/public/wp-...')
#2 /app/public/index.php(17): require('/app/public/wp-...')
#3 {main}
  thrown in /app/public/wp-content/themes/ifa-theme/page.php on line 7
[21-May-2019 19:49:09 UTC] PHP Fatal error:  Uncaught Error: Call to undefined function wp_get_file_uri() in /app/public/wp-content/themes/ifa-theme/page.php:7
Stack trace:
#0 /app/public/wp-includes/template-loader.php(78): include()
#1 /app/public/wp-blog-header.php(19): require_once('/app/public/wp-...')
#2 /app/public/index.php(17): require('/app/public/wp-...')
#3 {main}
  thrown in /app/public/wp-content/themes/ifa-theme/page.php on line 7
[21-May-2019 19:49:15 UTC] PHP Fatal error:  Uncaught Error: Call to undefined function wp_get_file_uri() in /app/public/wp-content/themes/ifa-theme/page.php:7
Stack trace:
#0 /app/public/wp-includes/template-loader.php(78): include()
#1 /app/public/wp-blog-header.php(19): require_once('/app/public/wp-...')
#2 /app/public/index.php(17): require('/app/public/wp-...')
#3 {main}
  thrown in /app/public/wp-content/themes/ifa-theme/page.php on line 7
[21-May-2019 19:59:50 UTC] PHP Fatal error:  Uncaught Error: Call to undefined function get_theme_file() in /app/public/wp-content/themes/ifa-theme/page.php:8
Stack trace:
#0 /app/public/wp-includes/template-loader.php(78): include()
#1 /app/public/wp-blog-header.php(19): require_once('/app/public/wp-...')
#2 /app/public/index.php(17): require('/app/public/wp-...')
#3 {main}
  thrown in /app/public/wp-content/themes/ifa-theme/page.php on line 8
[21-May-2019 20:00:11 UTC] PHP Fatal error:  Uncaught Error: Call to undefined function get_theme_file() in /app/public/wp-content/themes/ifa-theme/page.php:8
Stack trace:
#0 /app/public/wp-includes/template-loader.php(78): include()
#1 /app/public/wp-blog-header.php(19): require_once('/app/public/wp-...')
#2 /app/public/index.php(17): require('/app/public/wp-...')
#3 {main}
  thrown in /app/public/wp-content/themes/ifa-theme/page.php on line 8
[22-May-2019 18:20:51 UTC] PHP Parse error:  syntax error, unexpected 'get_the_title' (T_STRING) in /app/public/wp-content/themes/ifa-theme/page.php on line 29
[22-May-2019 18:20:59 UTC] PHP Parse error:  syntax error, unexpected 'get_the_title' (T_STRING) in /app/public/wp-content/themes/ifa-theme/page.php on line 29
[22-May-2019 18:25:38 UTC] PHP Parse error:  syntax error, unexpected ')' in /app/public/wp-content/themes/ifa-theme/page.php on line 30
[23-May-2019 20:27:14 UTC] PHP Parse error:  syntax error, unexpected '}', expecting ',' or ';' in /app/public/wp-content/themes/ifa-theme/archive.php on line 8
[23-May-2019 20:47:21 UTC] PHP Warning:  An unexpected error occurred. Something may be wrong with WordPress.org or this server&#8217;s configuration. If you continue to have problems, please try the <a href="https://wordpress.org/support/">support forums</a>. (WordPress could not establish a secure connection to WordPress.org. Please contact your server administrator.) in /app/public/wp-admin/includes/translation-install.php on line 65
[23-May-2019 20:52:13 UTC] PHP Warning:  An unexpected error occurred. Something may be wrong with WordPress.org or this server&#8217;s configuration. If you continue to have problems, please try the <a href="https://wordpress.org/support/">support forums</a>. (WordPress could not establish a secure connection to WordPress.org. Please contact your server administrator.) in /app/public/wp-admin/includes/translation-install.php on line 65
[23-May-2019 21:36:59 UTC] PHP Warning:  An unexpected error occurred. Something may be wrong with WordPress.org or this server&#8217;s configuration. If you continue to have problems, please try the <a href="https://wordpress.org/support/">support forums</a>. (WordPress could not establish a secure connection to WordPress.org. Please contact your server administrator.) in /app/public/wp-admin/includes/translation-install.php on line 65
[23-May-2019 21:41:03 UTC] PHP Warning:  An unexpected error occurred. Something may be wrong with WordPress.org or this server&#8217;s configuration. If you continue to have problems, please try the <a href="https://wordpress.org/support/">support forums</a>. (WordPress could not establish a secure connection to WordPress.org. Please contact your server administrator.) in /app/public/wp-admin/includes/translation-install.php on line 65
