2019-05-21T14:46:32.006995Z 0 [Warning] TIMESTAMP with implicit DEFAULT value is deprecated. Please use --explicit_defaults_for_timestamp server option (see documentation for more details).
2019-05-21T14:46:32.015582Z 0 [Note] /usr/sbin/mysqld (mysqld 5.7.23) starting as process 30 ...
2019-05-21T14:46:32.035487Z 0 [Note] InnoDB: PUNCH HOLE support available
2019-05-21T14:46:32.035524Z 0 [Note] InnoDB: Mutexes and rw_locks use GCC atomic builtins
2019-05-21T14:46:32.035529Z 0 [Note] InnoDB: Uses event mutexes
2019-05-21T14:46:32.035534Z 0 [Note] InnoDB: GCC builtin __atomic_thread_fence() is used for memory barrier
2019-05-21T14:46:32.035539Z 0 [Note] InnoDB: Compressed tables use zlib 1.2.3
2019-05-21T14:46:32.035544Z 0 [Note] InnoDB: Using Linux native AIO
2019-05-21T14:46:32.042353Z 0 [Note] InnoDB: Number of pools: 1
2019-05-21T14:46:32.042479Z 0 [Note] InnoDB: Using CPU crc32 instructions
2019-05-21T14:46:32.055269Z 0 [Note] InnoDB: Initializing buffer pool, total size = 32M, instances = 1, chunk size = 32M
2019-05-21T14:46:32.058764Z 0 [Note] InnoDB: Completed initialization of buffer pool
2019-05-21T14:46:32.064971Z 0 [Note] InnoDB: If the mysqld execution user is authorized, page cleaner thread priority can be changed. See the man page of setpriority().
2019-05-21T14:46:32.078400Z 0 [Note] InnoDB: Highest supported file format is Barracuda.
2019-05-21T14:46:32.086950Z 0 [Note] InnoDB: Log scan progressed past the checkpoint lsn 2588963
2019-05-21T14:46:32.086980Z 0 [Note] InnoDB: Doing recovery: scanned up to log sequence number 2591784
2019-05-21T14:46:32.088039Z 0 [Note] InnoDB: Database was not shutdown normally!
2019-05-21T14:46:32.088061Z 0 [Note] InnoDB: Starting crash recovery.
2019-05-21T14:46:32.343394Z 0 [Note] InnoDB: Starting an apply batch of log records to the database...
InnoDB: Progress in percent: 27 28 29 30 31 32 33 34 35 36 37 38 39 40 41 42 43 44 45 46 47 48 49 50 51 52 53 54 55 56 57 58 59 60 61 62 63 64 65 66 67 68 69 70 71 72 73 74 75 76 77 78 79 80 81 82 83 84 85 86 87 88 89 90 91 92 93 94 95 96 97 98 99 
2019-05-21T14:46:32.346777Z 0 [Note] InnoDB: Apply batch completed
2019-05-21T14:46:32.451580Z 0 [Note] InnoDB: Removed temporary tablespace data file: "ibtmp1"
2019-05-21T14:46:32.451601Z 0 [Note] InnoDB: Creating shared tablespace for temporary tables
2019-05-21T14:46:32.451653Z 0 [Note] InnoDB: Setting file './ibtmp1' size to 12 MB. Physically writing the file full; Please wait ...
2019-05-21T14:46:32.509635Z 0 [Note] InnoDB: File './ibtmp1' size is now 12 MB.
2019-05-21T14:46:32.510889Z 0 [Note] InnoDB: 96 redo rollback segment(s) found. 96 redo rollback segment(s) are active.
2019-05-21T14:46:32.510918Z 0 [Note] InnoDB: 32 non-redo rollback segment(s) are active.
2019-05-21T14:46:32.511395Z 0 [Note] InnoDB: Waiting for purge to start
2019-05-21T14:46:32.562392Z 0 [Note] InnoDB: 5.7.23 started; log sequence number 2591784
2019-05-21T14:46:32.563720Z 0 [Note] Plugin 'FEDERATED' is disabled.
2019-05-21T14:46:32.575256Z 0 [Warning] Failed to set up SSL because of the following SSL library error: SSL context is not usable without certificate and private key
2019-05-21T14:46:32.575287Z 0 [Note] Server hostname (bind-address): '*'; port: 3306
2019-05-21T14:46:32.575404Z 0 [Note] InnoDB: Loading buffer pool(s) from /var/lib/mysql/ib_buffer_pool
2019-05-21T14:46:32.575553Z 0 [Note] IPv6 is available.
2019-05-21T14:46:32.576485Z 0 [Note]   - '::' resolves to '::';
2019-05-21T14:46:32.576513Z 0 [Note] Server socket created on IP: '::'.
2019-05-21T14:46:32.576773Z 0 [Note] InnoDB: Buffer pool(s) load completed at 190521 14:46:32
2019-05-21T14:46:32.577930Z 0 [Warning] Insecure configuration for --pid-file: Location '/var/run/mysqld' in the path is accessible to all OS users. Consider choosing a different directory.
2019-05-21T14:46:32.579137Z 0 [ERROR] /usr/sbin/mysqld: Table './mysql/user' is marked as crashed and should be repaired
2019-05-21T14:46:32.579306Z 0 [Warning] Checking table:   './mysql/user'
2019-05-21T14:46:32.579320Z 0 [ERROR] 1 client is using or hasn't closed the table properly
2019-05-21T14:46:32.579885Z 0 [Warning] 'user' entry 'root@localhost' ignored in --skip-name-resolve mode.
2019-05-21T14:46:32.579912Z 0 [Warning] 'user' entry 'mysql.session@localhost' ignored in --skip-name-resolve mode.
2019-05-21T14:46:32.579919Z 0 [Warning] 'user' entry 'mysql.sys@localhost' ignored in --skip-name-resolve mode.
2019-05-21T14:46:32.579935Z 0 [Warning] 'db' entry 'performance_schema mysql.session@localhost' ignored in --skip-name-resolve mode.
2019-05-21T14:46:32.579939Z 0 [Warning] 'db' entry 'sys mysql.sys@localhost' ignored in --skip-name-resolve mode.
2019-05-21T14:46:32.579947Z 0 [Warning] 'proxies_priv' entry '@ root@localhost' ignored in --skip-name-resolve mode.
2019-05-21T14:46:32.581129Z 0 [Warning] 'tables_priv' entry 'user mysql.session@localhost' ignored in --skip-name-resolve mode.
2019-05-21T14:46:32.581143Z 0 [Warning] 'tables_priv' entry 'sys_config mysql.sys@localhost' ignored in --skip-name-resolve mode.
2019-05-21T14:46:32.611086Z 0 [Note] Event Scheduler: Loaded 0 events
2019-05-21T14:46:32.611757Z 0 [Note] /usr/sbin/mysqld: ready for connections.
Version: '5.7.23'  socket: '/var/run/mysqld/mysqld.sock'  port: 3306  MySQL Community Server (GPL)
2019-05-21T14:46:59.409203Z 4 [ERROR] /usr/sbin/mysqld: Table './mysql/proc' is marked as crashed and should be repaired
2019-05-21T14:46:59.409833Z 4 [Warning] Checking table:   './mysql/proc'
2019-05-21T14:46:59.423784Z 6 [Warning] 'user' entry 'root@localhost' ignored in --skip-name-resolve mode.
2019-05-21T14:46:59.423807Z 6 [Warning] 'user' entry 'mysql.session@localhost' ignored in --skip-name-resolve mode.
2019-05-21T14:46:59.423814Z 6 [Warning] 'user' entry 'mysql.sys@localhost' ignored in --skip-name-resolve mode.
2019-05-21T14:46:59.423830Z 6 [Warning] 'db' entry 'performance_schema mysql.session@localhost' ignored in --skip-name-resolve mode.
2019-05-21T14:46:59.423834Z 6 [Warning] 'db' entry 'sys mysql.sys@localhost' ignored in --skip-name-resolve mode.
2019-05-21T14:46:59.423843Z 6 [Warning] 'proxies_priv' entry '@ root@localhost' ignored in --skip-name-resolve mode.
2019-05-21T14:46:59.423963Z 6 [Warning] 'tables_priv' entry 'user mysql.session@localhost' ignored in --skip-name-resolve mode.
2019-05-21T14:46:59.423971Z 6 [Warning] 'tables_priv' entry 'sys_config mysql.sys@localhost' ignored in --skip-name-resolve mode.
2019-05-21T16:31:31.041079Z 27 [Note] Aborted connection 27 to db: 'local' user: 'root' host: '192.168.95.1' (Got an error reading communication packets)
2019-05-21T16:31:31.341811Z 28 [Note] Aborted connection 28 to db: 'unconnected' user: 'root' host: '192.168.95.1' (Got an error reading communication packets)
2019-05-21T17:55:36.466390Z 0 [Note] InnoDB: page_cleaner: 1000ms intended loop took 5041550ms. The settings might not be optimal. (flushed=0 and evicted=0, during the time.)
2019-05-21T23:16:10.258242Z 0 [Note] InnoDB: page_cleaner: 1000ms intended loop took 3182114ms. The settings might not be optimal. (flushed=0 and evicted=0, during the time.)
2019-05-21T23:48:10.773338Z 0 [Note] InnoDB: page_cleaner: 1000ms intended loop took 1840678ms. The settings might not be optimal. (flushed=0 and evicted=0, during the time.)
2019-05-22T03:42:03.685354Z 0 [Note] InnoDB: page_cleaner: 1000ms intended loop took 908670ms. The settings might not be optimal. (flushed=0 and evicted=0, during the time.)
2019-05-22T09:55:06.286567Z 0 [Note] InnoDB: page_cleaner: 1000ms intended loop took 21926325ms. The settings might not be optimal. (flushed=0 and evicted=0, during the time.)
2019-05-22T11:55:14.747393Z 0 [Note] InnoDB: page_cleaner: 1000ms intended loop took 6518543ms. The settings might not be optimal. (flushed=0 and evicted=0, during the time.)
2019-05-22T12:55:15.757323Z 0 [Note] InnoDB: page_cleaner: 1000ms intended loop took 3561972ms. The settings might not be optimal. (flushed=0 and evicted=0, during the time.)
2019-05-22T15:10:15.940411Z 0 [Note] InnoDB: page_cleaner: 1000ms intended loop took 2179867ms. The settings might not be optimal. (flushed=0 and evicted=0, during the time.)
2019-05-22T16:00:25.783233Z 0 [Note] Giving 0 client threads a chance to die gracefully
2019-05-22T16:00:25.783961Z 0 [Note] Shutting down slave threads
2019-05-22T16:00:25.784083Z 0 [Note] Forcefully disconnecting 0 remaining clients
2019-05-22T16:00:25.784097Z 0 [Note] Event Scheduler: Purging the queue. 0 events
2019-05-22T16:00:25.801539Z 0 [Note] Binlog end
2019-05-22T16:00:25.811749Z 0 [Note] Shutting down plugin 'ngram'
2019-05-22T16:00:25.811790Z 0 [Note] Shutting down plugin 'partition'
2019-05-22T16:00:25.811799Z 0 [Note] Shutting down plugin 'BLACKHOLE'
2019-05-22T16:00:25.811805Z 0 [Note] Shutting down plugin 'ARCHIVE'
2019-05-22T16:00:25.811809Z 0 [Note] Shutting down plugin 'PERFORMANCE_SCHEMA'
2019-05-22T16:00:25.811834Z 0 [Note] Shutting down plugin 'MRG_MYISAM'
2019-05-22T16:00:25.811840Z 0 [Note] Shutting down plugin 'MyISAM'
2019-05-22T16:00:25.811855Z 0 [Note] Shutting down plugin 'INNODB_SYS_VIRTUAL'
2019-05-22T16:00:25.811861Z 0 [Note] Shutting down plugin 'INNODB_SYS_DATAFILES'
2019-05-22T16:00:25.811865Z 0 [Note] Shutting down plugin 'INNODB_SYS_TABLESPACES'
2019-05-22T16:00:25.812205Z 0 [Note] Shutting down plugin 'INNODB_SYS_FOREIGN_COLS'
2019-05-22T16:00:25.812222Z 0 [Note] Shutting down plugin 'INNODB_SYS_FOREIGN'
2019-05-22T16:00:25.812226Z 0 [Note] Shutting down plugin 'INNODB_SYS_FIELDS'
2019-05-22T16:00:25.812229Z 0 [Note] Shutting down plugin 'INNODB_SYS_COLUMNS'
2019-05-22T16:00:25.812232Z 0 [Note] Shutting down plugin 'INNODB_SYS_INDEXES'
2019-05-22T16:00:25.812235Z 0 [Note] Shutting down plugin 'INNODB_SYS_TABLESTATS'
2019-05-22T16:00:25.812238Z 0 [Note] Shutting down plugin 'INNODB_SYS_TABLES'
2019-05-22T16:00:25.812242Z 0 [Note] Shutting down plugin 'INNODB_FT_INDEX_TABLE'
2019-05-22T16:00:25.812245Z 0 [Note] Shutting down plugin 'INNODB_FT_INDEX_CACHE'
2019-05-22T16:00:25.812248Z 0 [Note] Shutting down plugin 'INNODB_FT_CONFIG'
2019-05-22T16:00:25.812252Z 0 [Note] Shutting down plugin 'INNODB_FT_BEING_DELETED'
2019-05-22T16:00:25.812255Z 0 [Note] Shutting down plugin 'INNODB_FT_DELETED'
2019-05-22T16:00:25.812258Z 0 [Note] Shutting down plugin 'INNODB_FT_DEFAULT_STOPWORD'
2019-05-22T16:00:25.812261Z 0 [Note] Shutting down plugin 'INNODB_METRICS'
2019-05-22T16:00:25.812265Z 0 [Note] Shutting down plugin 'INNODB_TEMP_TABLE_INFO'
2019-05-22T16:00:25.812268Z 0 [Note] Shutting down plugin 'INNODB_BUFFER_POOL_STATS'
2019-05-22T16:00:25.812271Z 0 [Note] Shutting down plugin 'INNODB_BUFFER_PAGE_LRU'
2019-05-22T16:00:25.812275Z 0 [Note] Shutting down plugin 'INNODB_BUFFER_PAGE'
2019-05-22T16:00:25.812279Z 0 [Note] Shutting down plugin 'INNODB_CMP_PER_INDEX_RESET'
2019-05-22T16:00:25.812282Z 0 [Note] Shutting down plugin 'INNODB_CMP_PER_INDEX'
2019-05-22T16:00:25.812285Z 0 [Note] Shutting down plugin 'INNODB_CMPMEM_RESET'
2019-05-22T16:00:25.812289Z 0 [Note] Shutting down plugin 'INNODB_CMPMEM'
2019-05-22T16:00:25.812292Z 0 [Note] Shutting down plugin 'INNODB_CMP_RESET'
2019-05-22T16:00:25.812296Z 0 [Note] Shutting down plugin 'INNODB_CMP'
2019-05-22T16:00:25.812300Z 0 [Note] Shutting down plugin 'INNODB_LOCK_WAITS'
2019-05-22T16:00:25.812303Z 0 [Note] Shutting down plugin 'INNODB_LOCKS'
2019-05-22T16:00:25.812306Z 0 [Note] Shutting down plugin 'INNODB_TRX'
2019-05-22T16:00:25.812310Z 0 [Note] Shutting down plugin 'InnoDB'
2019-05-22T16:00:25.812461Z 0 [Note] InnoDB: FTS optimize thread exiting.
2019-05-22T16:00:25.813239Z 0 [Note] InnoDB: Starting shutdown...
2019-05-22T16:00:25.913979Z 0 [Note] InnoDB: Dumping buffer pool(s) to /var/lib/mysql/ib_buffer_pool
2019-05-22T16:00:25.915762Z 0 [Note] InnoDB: Buffer pool(s) dump completed at 190522 16:00:25
2019-05-22T16:00:27.651983Z 0 [Note] InnoDB: Shutdown completed; log sequence number 4419918
2019-05-22T16:00:27.652455Z 0 [Note] InnoDB: Removed temporary tablespace data file: "ibtmp1"
2019-05-22T16:00:27.652474Z 0 [Note] Shutting down plugin 'MEMORY'
2019-05-22T16:00:27.652480Z 0 [Note] Shutting down plugin 'CSV'
2019-05-22T16:00:27.652484Z 0 [Note] Shutting down plugin 'sha256_password'
2019-05-22T16:00:27.652486Z 0 [Note] Shutting down plugin 'mysql_native_password'
2019-05-22T16:00:27.652611Z 0 [Note] Shutting down plugin 'binlog'
2019-05-22T16:00:27.653793Z 0 [Note] /usr/sbin/mysqld: Shutdown complete

2019-05-22T17:51:57.888002Z 0 [Warning] TIMESTAMP with implicit DEFAULT value is deprecated. Please use --explicit_defaults_for_timestamp server option (see documentation for more details).
2019-05-22T17:51:57.894900Z 0 [Note] /usr/sbin/mysqld (mysqld 5.7.23) starting as process 79 ...
2019-05-22T17:51:57.950063Z 0 [Note] InnoDB: PUNCH HOLE support available
2019-05-22T17:51:57.950186Z 0 [Note] InnoDB: Mutexes and rw_locks use GCC atomic builtins
2019-05-22T17:51:57.950191Z 0 [Note] InnoDB: Uses event mutexes
2019-05-22T17:51:57.950195Z 0 [Note] InnoDB: GCC builtin __atomic_thread_fence() is used for memory barrier
2019-05-22T17:51:57.950199Z 0 [Note] InnoDB: Compressed tables use zlib 1.2.3
2019-05-22T17:51:57.950202Z 0 [Note] InnoDB: Using Linux native AIO
2019-05-22T17:51:57.954323Z 0 [Note] InnoDB: Number of pools: 1
2019-05-22T17:51:57.960150Z 0 [Note] InnoDB: Using CPU crc32 instructions
2019-05-22T17:51:57.973885Z 0 [Note] InnoDB: Initializing buffer pool, total size = 32M, instances = 1, chunk size = 32M
2019-05-22T17:51:57.978691Z 0 [Note] InnoDB: Completed initialization of buffer pool
2019-05-22T17:51:57.992833Z 0 [Note] InnoDB: If the mysqld execution user is authorized, page cleaner thread priority can be changed. See the man page of setpriority().
2019-05-22T17:51:58.024280Z 0 [Note] InnoDB: Highest supported file format is Barracuda.
2019-05-22T17:51:58.106856Z 0 [Note] InnoDB: Creating shared tablespace for temporary tables
2019-05-22T17:51:58.106949Z 0 [Note] InnoDB: Setting file './ibtmp1' size to 12 MB. Physically writing the file full; Please wait ...
2019-05-22T17:51:58.143230Z 0 [Note] InnoDB: File './ibtmp1' size is now 12 MB.
2019-05-22T17:51:58.143790Z 0 [Note] InnoDB: 96 redo rollback segment(s) found. 96 redo rollback segment(s) are active.
2019-05-22T17:51:58.143800Z 0 [Note] InnoDB: 32 non-redo rollback segment(s) are active.
2019-05-22T17:51:58.144206Z 0 [Note] InnoDB: Waiting for purge to start
2019-05-22T17:51:58.194675Z 0 [Note] InnoDB: 5.7.23 started; log sequence number 4419918
2019-05-22T17:51:58.196533Z 0 [Note] Plugin 'FEDERATED' is disabled.
2019-05-22T17:51:58.200963Z 0 [Note] InnoDB: Loading buffer pool(s) from /var/lib/mysql/ib_buffer_pool
2019-05-22T17:51:58.227877Z 0 [Note] InnoDB: Buffer pool(s) load completed at 190522 17:51:58
2019-05-22T17:51:58.230374Z 0 [Warning] Failed to set up SSL because of the following SSL library error: SSL context is not usable without certificate and private key
2019-05-22T17:51:58.230714Z 0 [Note] Server hostname (bind-address): '*'; port: 3306
2019-05-22T17:51:58.231446Z 0 [Note] IPv6 is available.
2019-05-22T17:51:58.232746Z 0 [Note]   - '::' resolves to '::';
2019-05-22T17:51:58.232786Z 0 [Note] Server socket created on IP: '::'.
2019-05-22T17:51:58.244946Z 0 [Warning] 'user' entry 'root@localhost' ignored in --skip-name-resolve mode.
2019-05-22T17:51:58.244986Z 0 [Warning] 'user' entry 'mysql.session@localhost' ignored in --skip-name-resolve mode.
2019-05-22T17:51:58.244994Z 0 [Warning] 'user' entry 'mysql.sys@localhost' ignored in --skip-name-resolve mode.
2019-05-22T17:51:58.245564Z 0 [Warning] 'db' entry 'performance_schema mysql.session@localhost' ignored in --skip-name-resolve mode.
2019-05-22T17:51:58.245578Z 0 [Warning] 'db' entry 'sys mysql.sys@localhost' ignored in --skip-name-resolve mode.
2019-05-22T17:51:58.245977Z 0 [Warning] 'proxies_priv' entry '@ root@localhost' ignored in --skip-name-resolve mode.
2019-05-22T17:51:58.260940Z 0 [Warning] 'tables_priv' entry 'user mysql.session@localhost' ignored in --skip-name-resolve mode.
2019-05-22T17:51:58.260965Z 0 [Warning] 'tables_priv' entry 'sys_config mysql.sys@localhost' ignored in --skip-name-resolve mode.
2019-05-22T17:51:58.326844Z 0 [Note] Event Scheduler: Loaded 0 events
2019-05-22T17:51:58.334268Z 0 [Note] /usr/sbin/mysqld: ready for connections.
Version: '5.7.23'  socket: '/var/run/mysqld/mysqld.sock'  port: 3306  MySQL Community Server (GPL)
2019-05-22T18:56:19.785984Z 0 [Note] Giving 0 client threads a chance to die gracefully
2019-05-22T18:56:19.786446Z 0 [Note] Shutting down slave threads
2019-05-22T18:56:19.786457Z 0 [Note] Forcefully disconnecting 0 remaining clients
2019-05-22T18:56:19.786489Z 0 [Note] Event Scheduler: Purging the queue. 0 events
2019-05-22T18:56:19.787221Z 0 [Note] Binlog end
2019-05-22T18:56:19.788285Z 0 [Note] Shutting down plugin 'ngram'
2019-05-22T18:56:19.788299Z 0 [Note] Shutting down plugin 'partition'
2019-05-22T18:56:19.788302Z 0 [Note] Shutting down plugin 'BLACKHOLE'
2019-05-22T18:56:19.788305Z 0 [Note] Shutting down plugin 'ARCHIVE'
2019-05-22T18:56:19.788307Z 0 [Note] Shutting down plugin 'PERFORMANCE_SCHEMA'
2019-05-22T18:56:19.788324Z 0 [Note] Shutting down plugin 'MRG_MYISAM'
2019-05-22T18:56:19.788326Z 0 [Note] Shutting down plugin 'MyISAM'
2019-05-22T18:56:19.788335Z 0 [Note] Shutting down plugin 'INNODB_SYS_VIRTUAL'
2019-05-22T18:56:19.788338Z 0 [Note] Shutting down plugin 'INNODB_SYS_DATAFILES'
2019-05-22T18:56:19.788340Z 0 [Note] Shutting down plugin 'INNODB_SYS_TABLESPACES'
2019-05-22T18:56:19.788343Z 0 [Note] Shutting down plugin 'INNODB_SYS_FOREIGN_COLS'
2019-05-22T18:56:19.788345Z 0 [Note] Shutting down plugin 'INNODB_SYS_FOREIGN'
2019-05-22T18:56:19.788347Z 0 [Note] Shutting down plugin 'INNODB_SYS_FIELDS'
2019-05-22T18:56:19.788350Z 0 [Note] Shutting down plugin 'INNODB_SYS_COLUMNS'
2019-05-22T18:56:19.788352Z 0 [Note] Shutting down plugin 'INNODB_SYS_INDEXES'
2019-05-22T18:56:19.788354Z 0 [Note] Shutting down plugin 'INNODB_SYS_TABLESTATS'
2019-05-22T18:56:19.788356Z 0 [Note] Shutting down plugin 'INNODB_SYS_TABLES'
2019-05-22T18:56:19.788359Z 0 [Note] Shutting down plugin 'INNODB_FT_INDEX_TABLE'
2019-05-22T18:56:19.788361Z 0 [Note] Shutting down plugin 'INNODB_FT_INDEX_CACHE'
2019-05-22T18:56:19.788363Z 0 [Note] Shutting down plugin 'INNODB_FT_CONFIG'
2019-05-22T18:56:19.788365Z 0 [Note] Shutting down plugin 'INNODB_FT_BEING_DELETED'
2019-05-22T18:56:19.788368Z 0 [Note] Shutting down plugin 'INNODB_FT_DELETED'
2019-05-22T18:56:19.788370Z 0 [Note] Shutting down plugin 'INNODB_FT_DEFAULT_STOPWORD'
2019-05-22T18:56:19.788372Z 0 [Note] Shutting down plugin 'INNODB_METRICS'
2019-05-22T18:56:19.788374Z 0 [Note] Shutting down plugin 'INNODB_TEMP_TABLE_INFO'
2019-05-22T18:56:19.788377Z 0 [Note] Shutting down plugin 'INNODB_BUFFER_POOL_STATS'
2019-05-22T18:56:19.788379Z 0 [Note] Shutting down plugin 'INNODB_BUFFER_PAGE_LRU'
2019-05-22T18:56:19.788381Z 0 [Note] Shutting down plugin 'INNODB_BUFFER_PAGE'
2019-05-22T18:56:19.788383Z 0 [Note] Shutting down plugin 'INNODB_CMP_PER_INDEX_RESET'
2019-05-22T18:56:19.788386Z 0 [Note] Shutting down plugin 'INNODB_CMP_PER_INDEX'
2019-05-22T18:56:19.788388Z 0 [Note] Shutting down plugin 'INNODB_CMPMEM_RESET'
2019-05-22T18:56:19.788390Z 0 [Note] Shutting down plugin 'INNODB_CMPMEM'
2019-05-22T18:56:19.788393Z 0 [Note] Shutting down plugin 'INNODB_CMP_RESET'
2019-05-22T18:56:19.788395Z 0 [Note] Shutting down plugin 'INNODB_CMP'
2019-05-22T18:56:19.788397Z 0 [Note] Shutting down plugin 'INNODB_LOCK_WAITS'
2019-05-22T18:56:19.788400Z 0 [Note] Shutting down plugin 'INNODB_LOCKS'
2019-05-22T18:56:19.788402Z 0 [Note] Shutting down plugin 'INNODB_TRX'
2019-05-22T18:56:19.788404Z 0 [Note] Shutting down plugin 'InnoDB'
2019-05-22T18:56:19.788447Z 0 [Note] InnoDB: FTS optimize thread exiting.
2019-05-22T18:56:19.788602Z 0 [Note] InnoDB: Starting shutdown...
2019-05-22T18:56:19.891290Z 0 [Note] InnoDB: Dumping buffer pool(s) to /var/lib/mysql/ib_buffer_pool
2019-05-22T18:56:19.891799Z 0 [Note] InnoDB: Buffer pool(s) dump completed at 190522 18:56:19
2019-05-22T18:56:21.026102Z 0 [Note] InnoDB: Shutdown completed; log sequence number 4514966
2019-05-22T18:56:21.029851Z 0 [Note] InnoDB: Removed temporary tablespace data file: "ibtmp1"
2019-05-22T18:56:21.029883Z 0 [Note] Shutting down plugin 'MEMORY'
2019-05-22T18:56:21.029889Z 0 [Note] Shutting down plugin 'CSV'
2019-05-22T18:56:21.029893Z 0 [Note] Shutting down plugin 'sha256_password'
2019-05-22T18:56:21.029895Z 0 [Note] Shutting down plugin 'mysql_native_password'
2019-05-22T18:56:21.030011Z 0 [Note] Shutting down plugin 'binlog'
2019-05-22T18:56:21.030671Z 0 [Note] /usr/sbin/mysqld: Shutdown complete

2019-05-23T16:51:52.626112Z 0 [Warning] TIMESTAMP with implicit DEFAULT value is deprecated. Please use --explicit_defaults_for_timestamp server option (see documentation for more details).
2019-05-23T16:51:52.626423Z 0 [Note] /usr/sbin/mysqld (mysqld 5.7.23) starting as process 74 ...
2019-05-23T16:51:52.669279Z 0 [Note] InnoDB: PUNCH HOLE support available
2019-05-23T16:51:52.669326Z 0 [Note] InnoDB: Mutexes and rw_locks use GCC atomic builtins
2019-05-23T16:51:52.669330Z 0 [Note] InnoDB: Uses event mutexes
2019-05-23T16:51:52.669333Z 0 [Note] InnoDB: GCC builtin __atomic_thread_fence() is used for memory barrier
2019-05-23T16:51:52.669336Z 0 [Note] InnoDB: Compressed tables use zlib 1.2.3
2019-05-23T16:51:52.669339Z 0 [Note] InnoDB: Using Linux native AIO
2019-05-23T16:51:52.671405Z 0 [Note] InnoDB: Number of pools: 1
2019-05-23T16:51:52.671539Z 0 [Note] InnoDB: Using CPU crc32 instructions
2019-05-23T16:51:52.688651Z 0 [Note] InnoDB: Initializing buffer pool, total size = 32M, instances = 1, chunk size = 32M
2019-05-23T16:51:52.704939Z 0 [Note] InnoDB: Completed initialization of buffer pool
2019-05-23T16:51:52.714582Z 0 [Note] InnoDB: If the mysqld execution user is authorized, page cleaner thread priority can be changed. See the man page of setpriority().
2019-05-23T16:51:52.736299Z 0 [Note] InnoDB: Highest supported file format is Barracuda.
2019-05-23T16:51:52.764467Z 0 [Note] InnoDB: Creating shared tablespace for temporary tables
2019-05-23T16:51:52.764544Z 0 [Note] InnoDB: Setting file './ibtmp1' size to 12 MB. Physically writing the file full; Please wait ...
2019-05-23T16:51:52.826274Z 0 [Note] InnoDB: File './ibtmp1' size is now 12 MB.
2019-05-23T16:51:52.829098Z 0 [Note] InnoDB: 96 redo rollback segment(s) found. 96 redo rollback segment(s) are active.
2019-05-23T16:51:52.829127Z 0 [Note] InnoDB: 32 non-redo rollback segment(s) are active.
2019-05-23T16:51:52.833034Z 0 [Note] InnoDB: Waiting for purge to start
2019-05-23T16:51:52.884174Z 0 [Note] InnoDB: 5.7.23 started; log sequence number 4514966
2019-05-23T16:51:52.886636Z 0 [Note] Plugin 'FEDERATED' is disabled.
2019-05-23T16:51:52.889401Z 0 [Warning] Failed to set up SSL because of the following SSL library error: SSL context is not usable without certificate and private key
2019-05-23T16:51:52.889417Z 0 [Note] Server hostname (bind-address): '*'; port: 3306
2019-05-23T16:51:52.889458Z 0 [Note] IPv6 is available.
2019-05-23T16:51:52.889467Z 0 [Note]   - '::' resolves to '::';
2019-05-23T16:51:52.889472Z 0 [Note] Server socket created on IP: '::'.
2019-05-23T16:51:52.894720Z 0 [Note] InnoDB: Loading buffer pool(s) from /var/lib/mysql/ib_buffer_pool
2019-05-23T16:51:52.901217Z 0 [Note] InnoDB: Buffer pool(s) load completed at 190523 16:51:52
2019-05-23T16:51:52.904612Z 0 [Warning] 'user' entry 'root@localhost' ignored in --skip-name-resolve mode.
2019-05-23T16:51:52.904644Z 0 [Warning] 'user' entry 'mysql.session@localhost' ignored in --skip-name-resolve mode.
2019-05-23T16:51:52.904652Z 0 [Warning] 'user' entry 'mysql.sys@localhost' ignored in --skip-name-resolve mode.
2019-05-23T16:51:52.904668Z 0 [Warning] 'db' entry 'performance_schema mysql.session@localhost' ignored in --skip-name-resolve mode.
2019-05-23T16:51:52.904672Z 0 [Warning] 'db' entry 'sys mysql.sys@localhost' ignored in --skip-name-resolve mode.
2019-05-23T16:51:52.904680Z 0 [Warning] 'proxies_priv' entry '@ root@localhost' ignored in --skip-name-resolve mode.
2019-05-23T16:51:52.918069Z 0 [Warning] 'tables_priv' entry 'user mysql.session@localhost' ignored in --skip-name-resolve mode.
2019-05-23T16:51:52.918089Z 0 [Warning] 'tables_priv' entry 'sys_config mysql.sys@localhost' ignored in --skip-name-resolve mode.
2019-05-23T16:51:52.925084Z 0 [Note] Event Scheduler: Loaded 0 events
2019-05-23T16:51:52.935623Z 0 [Note] /usr/sbin/mysqld: ready for connections.
Version: '5.7.23'  socket: '/var/run/mysqld/mysqld.sock'  port: 3306  MySQL Community Server (GPL)
2019-05-23T17:36:45.425349Z 0 [Note] InnoDB: page_cleaner: 1000ms intended loop took 2010601ms. The settings might not be optimal. (flushed=0 and evicted=0, during the time.)
2019-05-23T19:17:46.488201Z 0 [Note] InnoDB: page_cleaner: 1000ms intended loop took 3971464ms. The settings might not be optimal. (flushed=0 and evicted=0, during the time.)
2019-05-23T20:04:27.761475Z 0 [Note] InnoDB: page_cleaner: 1000ms intended loop took 2621909ms. The settings might not be optimal. (flushed=0 and evicted=0, during the time.)
2019-05-23T22:56:25.091349Z 0 [Note] InnoDB: page_cleaner: 1000ms intended loop took 1636099ms. The settings might not be optimal. (flushed=0 and evicted=0, during the time.)
2019-05-24T01:33:22.838346Z 0 [Note] InnoDB: page_cleaner: 1000ms intended loop took 6418026ms. The settings might not be optimal. (flushed=0 and evicted=0, during the time.)
2019-05-24T09:55:05.934422Z 0 [Note] InnoDB: page_cleaner: 1000ms intended loop took 22871397ms. The settings might not be optimal. (flushed=0 and evicted=0, during the time.)
2019-05-24T12:26:52.705458Z 0 [Note] InnoDB: page_cleaner: 1000ms intended loop took 8777678ms. The settings might not be optimal. (flushed=0 and evicted=0, during the time.)
2019-05-24T13:21:43.115803Z 0 [Note] InnoDB: page_cleaner: 1000ms intended loop took 1440533ms. The settings might not be optimal. (flushed=0 and evicted=0, during the time.)
2019-05-24T14:47:13.381988Z 0 [Note] Giving 0 client threads a chance to die gracefully
2019-05-24T14:47:13.382679Z 0 [Note] Shutting down slave threads
2019-05-24T14:47:13.382698Z 0 [Note] Forcefully disconnecting 0 remaining clients
2019-05-24T14:47:13.382706Z 0 [Note] Event Scheduler: Purging the queue. 0 events
2019-05-24T14:47:13.382960Z 0 [Note] Binlog end
2019-05-24T14:47:13.390335Z 0 [Note] Shutting down plugin 'ngram'
2019-05-24T14:47:13.390367Z 0 [Note] Shutting down plugin 'partition'
2019-05-24T14:47:13.390373Z 0 [Note] Shutting down plugin 'BLACKHOLE'
2019-05-24T14:47:13.390377Z 0 [Note] Shutting down plugin 'ARCHIVE'
2019-05-24T14:47:13.390381Z 0 [Note] Shutting down plugin 'PERFORMANCE_SCHEMA'
2019-05-24T14:47:13.390405Z 0 [Note] Shutting down plugin 'MRG_MYISAM'
2019-05-24T14:47:13.390410Z 0 [Note] Shutting down plugin 'MyISAM'
2019-05-24T14:47:13.390422Z 0 [Note] Shutting down plugin 'INNODB_SYS_VIRTUAL'
2019-05-24T14:47:13.390427Z 0 [Note] Shutting down plugin 'INNODB_SYS_DATAFILES'
2019-05-24T14:47:13.390431Z 0 [Note] Shutting down plugin 'INNODB_SYS_TABLESPACES'
2019-05-24T14:47:13.390434Z 0 [Note] Shutting down plugin 'INNODB_SYS_FOREIGN_COLS'
2019-05-24T14:47:13.390437Z 0 [Note] Shutting down plugin 'INNODB_SYS_FOREIGN'
2019-05-24T14:47:13.390440Z 0 [Note] Shutting down plugin 'INNODB_SYS_FIELDS'
2019-05-24T14:47:13.390443Z 0 [Note] Shutting down plugin 'INNODB_SYS_COLUMNS'
2019-05-24T14:47:13.390446Z 0 [Note] Shutting down plugin 'INNODB_SYS_INDEXES'
2019-05-24T14:47:13.390449Z 0 [Note] Shutting down plugin 'INNODB_SYS_TABLESTATS'
2019-05-24T14:47:13.390452Z 0 [Note] Shutting down plugin 'INNODB_SYS_TABLES'
2019-05-24T14:47:13.390455Z 0 [Note] Shutting down plugin 'INNODB_FT_INDEX_TABLE'
2019-05-24T14:47:13.390458Z 0 [Note] Shutting down plugin 'INNODB_FT_INDEX_CACHE'
2019-05-24T14:47:13.390462Z 0 [Note] Shutting down plugin 'INNODB_FT_CONFIG'
2019-05-24T14:47:13.390465Z 0 [Note] Shutting down plugin 'INNODB_FT_BEING_DELETED'
2019-05-24T14:47:13.390468Z 0 [Note] Shutting down plugin 'INNODB_FT_DELETED'
2019-05-24T14:47:13.390471Z 0 [Note] Shutting down plugin 'INNODB_FT_DEFAULT_STOPWORD'
2019-05-24T14:47:13.390474Z 0 [Note] Shutting down plugin 'INNODB_METRICS'
2019-05-24T14:47:13.390478Z 0 [Note] Shutting down plugin 'INNODB_TEMP_TABLE_INFO'
2019-05-24T14:47:13.390481Z 0 [Note] Shutting down plugin 'INNODB_BUFFER_POOL_STATS'
2019-05-24T14:47:13.390484Z 0 [Note] Shutting down plugin 'INNODB_BUFFER_PAGE_LRU'
2019-05-24T14:47:13.390487Z 0 [Note] Shutting down plugin 'INNODB_BUFFER_PAGE'
2019-05-24T14:47:13.390490Z 0 [Note] Shutting down plugin 'INNODB_CMP_PER_INDEX_RESET'
2019-05-24T14:47:13.390493Z 0 [Note] Shutting down plugin 'INNODB_CMP_PER_INDEX'
2019-05-24T14:47:13.390509Z 0 [Note] Shutting down plugin 'INNODB_CMPMEM_RESET'
2019-05-24T14:47:13.390513Z 0 [Note] Shutting down plugin 'INNODB_CMPMEM'
2019-05-24T14:47:13.390516Z 0 [Note] Shutting down plugin 'INNODB_CMP_RESET'
2019-05-24T14:47:13.390520Z 0 [Note] Shutting down plugin 'INNODB_CMP'
2019-05-24T14:47:13.390523Z 0 [Note] Shutting down plugin 'INNODB_LOCK_WAITS'
2019-05-24T14:47:13.390526Z 0 [Note] Shutting down plugin 'INNODB_LOCKS'
2019-05-24T14:47:13.390530Z 0 [Note] Shutting down plugin 'INNODB_TRX'
2019-05-24T14:47:13.390533Z 0 [Note] Shutting down plugin 'InnoDB'
2019-05-24T14:47:13.390657Z 0 [Note] InnoDB: FTS optimize thread exiting.
2019-05-24T14:47:13.391186Z 0 [Note] InnoDB: Starting shutdown...
2019-05-24T14:47:13.493286Z 0 [Note] InnoDB: Dumping buffer pool(s) to /var/lib/mysql/ib_buffer_pool
2019-05-24T14:47:13.493735Z 0 [Note] InnoDB: Buffer pool(s) dump completed at 190524 14:47:13
2019-05-24T14:47:14.737350Z 0 [Note] InnoDB: Shutdown completed; log sequence number 5875613
2019-05-24T14:47:14.738879Z 0 [Note] InnoDB: Removed temporary tablespace data file: "ibtmp1"
2019-05-24T14:47:14.738897Z 0 [Note] Shutting down plugin 'MEMORY'
2019-05-24T14:47:14.738903Z 0 [Note] Shutting down plugin 'CSV'
2019-05-24T14:47:14.738907Z 0 [Note] Shutting down plugin 'sha256_password'
2019-05-24T14:47:14.738909Z 0 [Note] Shutting down plugin 'mysql_native_password'
2019-05-24T14:47:14.739029Z 0 [Note] Shutting down plugin 'binlog'
2019-05-24T14:47:14.739449Z 0 [Note] /usr/sbin/mysqld: Shutdown complete

2019-05-24T14:47:49.025156Z 0 [Warning] TIMESTAMP with implicit DEFAULT value is deprecated. Please use --explicit_defaults_for_timestamp server option (see documentation for more details).
2019-05-24T14:47:49.025792Z 0 [Note] /usr/sbin/mysqld (mysqld 5.7.23) starting as process 77 ...
2019-05-24T14:47:49.042887Z 0 [Note] InnoDB: PUNCH HOLE support available
2019-05-24T14:47:49.042929Z 0 [Note] InnoDB: Mutexes and rw_locks use GCC atomic builtins
2019-05-24T14:47:49.042935Z 0 [Note] InnoDB: Uses event mutexes
2019-05-24T14:47:49.042940Z 0 [Note] InnoDB: GCC builtin __atomic_thread_fence() is used for memory barrier
2019-05-24T14:47:49.042944Z 0 [Note] InnoDB: Compressed tables use zlib 1.2.3
2019-05-24T14:47:49.042949Z 0 [Note] InnoDB: Using Linux native AIO
2019-05-24T14:47:49.043293Z 0 [Note] InnoDB: Number of pools: 1
2019-05-24T14:47:49.043390Z 0 [Note] InnoDB: Using CPU crc32 instructions
2019-05-24T14:47:49.052098Z 0 [Note] InnoDB: Initializing buffer pool, total size = 32M, instances = 1, chunk size = 32M
2019-05-24T14:47:49.054857Z 0 [Note] InnoDB: Completed initialization of buffer pool
2019-05-24T14:47:49.056484Z 0 [Note] InnoDB: If the mysqld execution user is authorized, page cleaner thread priority can be changed. See the man page of setpriority().
2019-05-24T14:47:49.070192Z 0 [Note] InnoDB: Highest supported file format is Barracuda.
2019-05-24T14:47:49.114184Z 0 [Note] InnoDB: Creating shared tablespace for temporary tables
2019-05-24T14:47:49.114381Z 0 [Note] InnoDB: Setting file './ibtmp1' size to 12 MB. Physically writing the file full; Please wait ...
2019-05-24T14:47:49.157260Z 0 [Note] InnoDB: File './ibtmp1' size is now 12 MB.
2019-05-24T14:47:49.157994Z 0 [Note] InnoDB: 96 redo rollback segment(s) found. 96 redo rollback segment(s) are active.
2019-05-24T14:47:49.158014Z 0 [Note] InnoDB: 32 non-redo rollback segment(s) are active.
2019-05-24T14:47:49.158440Z 0 [Note] InnoDB: Waiting for purge to start
2019-05-24T14:47:49.209250Z 0 [Note] InnoDB: 5.7.23 started; log sequence number 5875613
2019-05-24T14:47:49.209556Z 0 [Note] Plugin 'FEDERATED' is disabled.
2019-05-24T14:47:49.210771Z 0 [Warning] Failed to set up SSL because of the following SSL library error: SSL context is not usable without certificate and private key
2019-05-24T14:47:49.210792Z 0 [Note] Server hostname (bind-address): '*'; port: 3306
2019-05-24T14:47:49.210835Z 0 [Note] IPv6 is available.
2019-05-24T14:47:49.210843Z 0 [Note]   - '::' resolves to '::';
2019-05-24T14:47:49.210855Z 0 [Note] Server socket created on IP: '::'.
2019-05-24T14:47:49.214251Z 0 [Warning] 'user' entry 'root@localhost' ignored in --skip-name-resolve mode.
2019-05-24T14:47:49.214290Z 0 [Warning] 'user' entry 'mysql.session@localhost' ignored in --skip-name-resolve mode.
2019-05-24T14:47:49.214300Z 0 [Warning] 'user' entry 'mysql.sys@localhost' ignored in --skip-name-resolve mode.
2019-05-24T14:47:49.214318Z 0 [Warning] 'db' entry 'performance_schema mysql.session@localhost' ignored in --skip-name-resolve mode.
2019-05-24T14:47:49.214322Z 0 [Warning] 'db' entry 'sys mysql.sys@localhost' ignored in --skip-name-resolve mode.
2019-05-24T14:47:49.214330Z 0 [Warning] 'proxies_priv' entry '@ root@localhost' ignored in --skip-name-resolve mode.
2019-05-24T14:47:49.216619Z 0 [Warning] 'tables_priv' entry 'user mysql.session@localhost' ignored in --skip-name-resolve mode.
2019-05-24T14:47:49.216649Z 0 [Warning] 'tables_priv' entry 'sys_config mysql.sys@localhost' ignored in --skip-name-resolve mode.
2019-05-24T14:47:49.231143Z 0 [Note] InnoDB: Loading buffer pool(s) from /var/lib/mysql/ib_buffer_pool
2019-05-24T14:47:49.233543Z 0 [Note] InnoDB: Buffer pool(s) load completed at 190524 14:47:49
2019-05-24T14:47:49.235406Z 0 [Note] Event Scheduler: Loaded 0 events
2019-05-24T14:47:49.235702Z 0 [Note] /usr/sbin/mysqld: ready for connections.
Version: '5.7.23'  socket: '/var/run/mysqld/mysqld.sock'  port: 3306  MySQL Community Server (GPL)
